<?xml version="1.0" encoding="UTF-8"?>
<testng-results ignored="0" total="1" passed="1" failed="0" skipped="0">
  <reporter-output>
  </reporter-output>
  <suite started-at="2022-01-24T23:18:27 IST" name="Default suite" finished-at="2022-01-24T23:18:27 IST" duration-ms="83">
    <groups>
    </groups>
    <test started-at="2022-01-24T23:18:27 IST" name="Default test" finished-at="2022-01-24T23:18:27 IST" duration-ms="83">
      <class name="demoGit.DemoGIT">
        <test-method signature="demoGit()[pri:0, instance:demoGit.DemoGIT@4e91d63f]" started-at="2022-01-24T23:18:27 IST" name="demoGit" finished-at="2022-01-24T23:18:27 IST" duration-ms="16" status="PASS">
          <reporter-output>
          </reporter-output>
        </test-method> <!-- demoGit -->
      </class> <!-- demoGit.DemoGIT -->
    </test> <!-- Default test -->
  </suite> <!-- Default suite -->
</testng-results>
